<?xml version="1.0" encoding="UTF-8"?>
<!-- Generated by org.testng.reporters.JUnitReportReporter -->
<testsuite hostname="INBENSUMASAHU" failures="0" tests="1" name="com.test.Login_test" time="9.558" errors="0" timestamp="2023-08-04T19:24:55 IST" skipped="0">
  <testcase classname="com.test.Login_test" name="login" time="9.558"/>
</testsuite> <!-- com.test.Login_test -->
